<?xml version="1.0" encoding="UTF-8"?>
<!-- Generated by org.testng.reporters.JUnitReportReporter -->
<testsuite skipped="0" hostname="DESKTOP-8OGBCKL" name="com.com.admin.AdminTest" tests="7" failures="0" timestamp="2022-02-20T12:54:41 IST" time="1.572" errors="0">
  <testcase name="login_Pass" time="0.501" classname="com.com.admin.AdminTest"/>
  <system-out/>
  <testcase name="useraccount_login_enabling" time="0.178" classname="com.com.admin.AdminTest"/>
  <system-out/>
  <testcase name="useraccount_features" time="0.224" classname="com.com.admin.AdminTest"/>
  <system-out/>
  <testcase name="authorization" time="0.197" classname="com.com.admin.AdminTest"/>
  <system-out/>
  <testcase name="checkbookRequests" time="0.126" classname="com.com.admin.AdminTest"/>
  <system-out/>
  <testcase name="logout" time="0.083" classname="com.com.admin.AdminTest"/>
  <system-out/>
  <testcase name="login_Fail" time="0.263" classname="com.com.admin.AdminTest"/>
  <system-out/>
</testsuite> <!-- com.com.admin.AdminTest -->
