<?xml version="1.0" encoding="UTF-8"?>
<!-- Generated by org.testng.reporters.JUnitReportReporter -->
<testsuite skipped="0" hostname="DESKTOP-8OGBCKL" name="com.com.user.Register" tests="1" failures="0" timestamp="2022-02-20T12:02:39 IST" time="21.331" errors="0">
  <testcase name="register" time="21.331" classname="com.com.user.Register"/>
  <system-out/>
</testsuite> <!-- com.com.user.Register -->
