<?xml version="1.0" encoding="UTF-8"?>
<!-- Generated by org.testng.reporters.JUnitReportReporter -->
<testsuite skipped="0" hostname="DESKTOP-8OGBCKL" name="com.com.user.ChequeBookRequest" tests="1" failures="0" timestamp="2022-02-20T12:55:41 IST" time="28.247" errors="0">
  <testcase name="chequeBookRequest" time="28.247" classname="com.com.user.ChequeBookRequest"/>
  <system-out/>
</testsuite> <!-- com.com.user.ChequeBookRequest -->
