<?xml version="1.0" encoding="UTF-8"?>
<!-- Generated by org.testng.reporters.JUnitReportReporter -->
<testsuite skipped="0" hostname="DESKTOP-8OGBCKL" name="com.com.user.EditProfile" tests="1" failures="0" timestamp="2022-02-20T12:40:51 IST" time="28.671" errors="0">
  <testcase name="EditPorfile" time="28.671" classname="com.com.user.EditProfile"/>
  <system-out/>
</testsuite> <!-- com.com.user.EditProfile -->
