<?xml version="1.0" encoding="UTF-8"?>
<!-- Generated by org.testng.reporters.JUnitReportReporter -->
<testsuite skipped="0" hostname="DESKTOP-8OGBCKL" name="com.com.user.TransferMoney" tests="1" failures="0" timestamp="2022-02-20T12:50:27 IST" time="28.776" errors="0">
  <testcase name="TransferMoney" time="28.776" classname="com.com.user.TransferMoney"/>
  <system-out/>
</testsuite> <!-- com.com.user.TransferMoney -->
