<?xml version="1.0" encoding="UTF-8"?>
<!-- Generated by org.testng.reporters.JUnitReportReporter -->
<testsuite skipped="0" hostname="DESKTOP-8OGBCKL" name="com.com.user.TransferHistory" tests="1" failures="0" timestamp="2022-02-20T12:51:25 IST" time="16.246" errors="0">
  <testcase name="TransactionHistory" time="16.246" classname="com.com.user.TransferHistory"/>
  <system-out/>
</testsuite> <!-- com.com.user.TransferHistory -->
