<?xml version="1.0" encoding="UTF-8"?>
<!-- Generated by org.testng.reporters.JUnitReportReporter -->
<testsuite skipped="0" hostname="DESKTOP-8OGBCKL" name="com.com.user.TransactionHistory" tests="1" failures="0" timestamp="2022-02-20T12:52:38 IST" time="28.330" errors="0">
  <testcase name="TransactionHistory" time="28.330" classname="com.com.user.TransactionHistory"/>
  <system-out/>
</testsuite> <!-- com.com.user.TransactionHistory -->
